<?xml version="1.0" encoding="UTF-8"?>
<testsuite name="FindAndReplaceTest" tests="1" skipped="0" failures="0" errors="0" timestamp="2017-06-28T20:46:02" hostname="epicodus-8.local" time="0.001">
  <properties/>
  <testcase name="runFindAndReplace_printPhrase_Hello" classname="FindAndReplaceTest" time="0.001"/>
  <system-out><![CDATA[]]></system-out>
  <system-err><![CDATA[]]></system-err>
</testsuite>
