<?xml version="1.0" encoding="UTF-8"?>
<testsuite name="FindAndReplaceTest" tests="3" skipped="0" failures="0" errors="0" timestamp="2017-06-28T21:49:36" hostname="epicodus-8.local" time="0.002">
  <properties/>
  <testcase name="runFindAndReplace_printPhrase_Hello" classname="FindAndReplaceTest" time="0.001"/>
  <testcase name="runFindAndReplace_printPhrase_Hello_World_How_Are_You" classname="FindAndReplaceTest" time="0.0"/>
  <testcase name="runFindAndReplace_ReplaceWordInPhrase_Universe" classname="FindAndReplaceTest" time="0.0"/>
  <system-out><![CDATA[]]></system-out>
  <system-err><![CDATA[]]></system-err>
</testsuite>
